<?xml version="1.0" encoding="UTF-8" ?>

<testsuite failures="0" time="0.107" errors="0" skipped="0" tests="2" name="BasicTest">
  <testcase classname="BasicTest" name="createAndRetrieveOccurrence" time="0.097">
      </testcase>
  <testcase classname="BasicTest" name="createAndRetrieveDataset" time="0.01">
      </testcase>
</testsuite>
